[2025-10-04T23:28:20.795+0000] {taskinstance.py:1956} INFO - Dependencies all met for dep_context=non-requeueable deps ti=<TaskInstance: ingest_data_dag.create_staging_tables manual__2025-10-04T23:17:44.635799+00:00 [queued]>
[2025-10-04T23:28:20.803+0000] {taskinstance.py:1956} INFO - Dependencies all met for dep_context=requeueable deps ti=<TaskInstance: ingest_data_dag.create_staging_tables manual__2025-10-04T23:17:44.635799+00:00 [queued]>
[2025-10-04T23:28:20.809+0000] {taskinstance.py:2170} INFO - Starting attempt 1 of 1
[2025-10-04T23:28:20.821+0000] {taskinstance.py:2191} INFO - Executing <Task(PostgresOperator): create_staging_tables> on 2025-10-04 23:17:44.635799+00:00
[2025-10-04T23:28:20.827+0000] {standard_task_runner.py:60} INFO - Started process 2451 to run task
[2025-10-04T23:28:20.832+0000] {standard_task_runner.py:87} INFO - Running: ['***', 'tasks', 'run', 'ingest_data_dag', 'create_staging_tables', 'manual__2025-10-04T23:17:44.635799+00:00', '--job-id', '17', '--raw', '--subdir', 'DAGS_FOLDER/dag_ingest_data.py', '--cfg-path', '/tmp/tmpjzoj181d']
[2025-10-04T23:28:20.834+0000] {standard_task_runner.py:88} INFO - Job 17: Subtask create_staging_tables
[2025-10-04T23:28:20.894+0000] {task_command.py:423} INFO - Running <TaskInstance: ingest_data_dag.create_staging_tables manual__2025-10-04T23:17:44.635799+00:00 [running]> on host ff034d7c1964
[2025-10-04T23:28:20.974+0000] {taskinstance.py:2480} INFO - Exporting env vars: AIRFLOW_CTX_DAG_OWNER='***' AIRFLOW_CTX_DAG_ID='ingest_data_dag' AIRFLOW_CTX_TASK_ID='create_staging_tables' AIRFLOW_CTX_EXECUTION_DATE='2025-10-04T23:17:44.635799+00:00' AIRFLOW_CTX_TRY_NUMBER='1' AIRFLOW_CTX_DAG_RUN_ID='manual__2025-10-04T23:17:44.635799+00:00'
[2025-10-04T23:28:20.976+0000] {sql.py:276} INFO - Executing: 
            CREATE TABLE IF NOT EXISTS staging.users (
                user_id TEXT,
                name TEXT,
                email TEXT,
                address TEXT,
                created_at TIMESTAMP
            );
            CREATE TABLE IF NOT EXISTS staging.orders (
                order_id TEXT,
                user_id TEXT,
                order_date TIMESTAMP,
                amount FLOAT,
                status TEXT
            );
            CREATE TABLE IF NOT EXISTS staging.tickets (
                ticket_id TEXT,
                user_id TEXT,
                created_at TIMESTAMP,
                resolved_at TIMESTAMP,
                status TEXT,
                priority TEXT
            );
        
[2025-10-04T23:28:20.986+0000] {base.py:83} INFO - Using connection ID 'postgres_warehouse' for task execution.
[2025-10-04T23:28:20.995+0000] {base.py:83} INFO - Using connection ID 'postgres_warehouse' for task execution.
[2025-10-04T23:28:21.000+0000] {sql.py:450} INFO - Running statement: 
            CREATE TABLE IF NOT EXISTS staging.users (
                user_id TEXT,
                name TEXT,
                email TEXT,
                address TEXT,
                created_at TIMESTAMP
            );
            CREATE TABLE IF NOT EXISTS staging.orders (
                order_id TEXT,
                user_id TEXT,
                order_date TIMESTAMP,
                amount FLOAT,
                status TEXT
            );
            CREATE TABLE IF NOT EXISTS staging.tickets (
                ticket_id TEXT,
                user_id TEXT,
                created_at TIMESTAMP,
                resolved_at TIMESTAMP,
                status TEXT,
                priority TEXT
            );
        , parameters: None
[2025-10-04T23:28:21.044+0000] {taskinstance.py:1138} INFO - Marking task as SUCCESS. dag_id=ingest_data_dag, task_id=create_staging_tables, execution_date=20251004T231744, start_date=20251004T232820, end_date=20251004T232821
[2025-10-04T23:28:21.084+0000] {local_task_job_runner.py:234} INFO - Task exited with return code 0
[2025-10-04T23:28:21.122+0000] {taskinstance.py:3280} INFO - 1 downstream tasks scheduled from follow-on schedule check
